<?xml version="1.0" encoding="UTF-8"?>
<!-- Generated by org.testng.reporters.JUnitReportReporter -->
<testsuite skipped="0" hostname="DESKTOP-OHT1M87" name="testngpack.Class1" tests="1" failures="0" timestamp="2022-08-23T20:34:21 IST" time="19.831" errors="0">
  <testcase name="launchGoogle1" time="19.831" classname="testngpack.Class1"/>
  <system-out/>
</testsuite> <!-- testngpack.Class1 -->
