<?xml version="1.0" encoding="UTF-8"?>
<!-- Generated by org.testng.reporters.JUnitReportReporter -->
<testsuite skipped="0" hostname="DESKTOP-OHT1M87" name="testngpack.ActiTimeLogin" tests="2" failures="0" timestamp="2022-08-23T22:30:07 IST" time="27.107" errors="0">
  <testcase name="validLogin" time="15.267" classname="testngpack.ActiTimeLogin"/>
  <system-out/>
  <testcase name="validLogin" time="11.840" classname="testngpack.ActiTimeLogin"/>
  <system-out/>
</testsuite> <!-- testngpack.ActiTimeLogin -->
