<?xml version="1.0" encoding="UTF-8"?>
<!-- Generated by org.testng.reporters.JUnitReportReporter -->
<testsuite skipped="0" hostname="DESKTOP-OHT1M87" name="testngpack.TestActiTime1" tests="2" failures="0" timestamp="2022-08-23T20:17:45 IST" time="22.450" errors="0">
  <testcase name="logintoActiTime" time="12.955" classname="testngpack.TestActiTime1"/>
  <system-out/>
  <testcase name="actiTimeLogout" time="9.495" classname="testngpack.TestActiTime1"/>
  <system-out/>
</testsuite> <!-- testngpack.TestActiTime1 -->
