<?xml version="1.0" encoding="UTF-8"?>
<!-- Generated by org.testng.reporters.JUnitReportReporter -->
<testsuite skipped="0" hostname="DESKTOP-OHT1M87" name="testngpack.Sumo" tests="1" failures="0" timestamp="2022-08-20T17:12:03 IST" time="0.013" errors="0">
  <testcase name="method3" time="0.013" classname="testngpack.Sumo"/>
  <system-out>
    <![CDATA[method 3 ]]>
  </system-out>
</testsuite> <!-- testngpack.Sumo -->
