<?xml version="1.0" encoding="UTF-8"?>
<!-- Generated by org.testng.reporters.JUnitReportReporter -->
<testsuite skipped="0" hostname="DESKTOP-OHT1M87" name="testngpack.DataproviderCode" tests="5" failures="0" timestamp="2022-08-30T09:19:33 IST" time="39.814" errors="0">
  <testcase name="testActiTimeValidLogin" time="14.161" classname="testngpack.DataproviderCode"/>
  <system-out/>
  <testcase name="testActiTimeValidLogin" time="5.563" classname="testngpack.DataproviderCode"/>
  <system-out/>
  <testcase name="testActiTimeValidLogin" time="7.932" classname="testngpack.DataproviderCode"/>
  <system-out/>
  <testcase name="testActiTimeValidLogin" time="5.880" classname="testngpack.DataproviderCode"/>
  <system-out/>
  <testcase name="testActiTimeValidLogin" time="6.278" classname="testngpack.DataproviderCode"/>
  <system-out/>
</testsuite> <!-- testngpack.DataproviderCode -->
