<?xml version="1.0" encoding="UTF-8"?>
<!-- Generated by org.testng.reporters.JUnitReportReporter -->
<testsuite skipped="0" hostname="DESKTOP-OHT1M87" name="testngpack.Remo" tests="1" failures="0" timestamp="2022-08-20T17:12:03 IST" time="0.002" errors="0">
  <testcase name="method2" time="0.002" classname="testngpack.Remo"/>
  <system-out>
    <![CDATA[method 2 ]]>
  </system-out>
</testsuite> <!-- testngpack.Remo -->
