<?xml version="1.0" encoding="UTF-8"?>
<!-- Generated by org.testng.reporters.JUnitReportReporter -->
<testsuite skipped="0" hostname="DESKTOP-OHT1M87" name="testngpack.Flag8" tests="2" failures="0" timestamp="2022-08-23T11:48:28 IST" time="27.035" errors="0">
  <testcase name="loginActiTime" time="8.474" classname="testngpack.Flag8"/>
  <system-out/>
  <testcase name="loginActiTime" time="18.561" classname="testngpack.Flag8"/>
  <system-out/>
</testsuite> <!-- testngpack.Flag8 -->
