<?xml version="1.0" encoding="UTF-8"?>
<!-- Generated by org.testng.reporters.JUnitReportReporter -->
<testsuite skipped="0" hostname="DESKTOP-OHT1M87" name="testngpack.Class4" tests="1" failures="0" timestamp="2022-08-23T20:34:21 IST" time="20.719" errors="0">
  <testcase name="launchGoogle1" time="20.719" classname="testngpack.Class4"/>
  <system-out/>
</testsuite> <!-- testngpack.Class4 -->
