<?xml version="1.0" encoding="UTF-8"?>
<!-- Generated by org.testng.reporters.JUnitReportReporter -->
<testsuite skipped="0" hostname="DESKTOP-OHT1M87" name="testngpack.Demo" tests="1" failures="0" timestamp="2022-08-20T17:12:03 IST" time="0.001" errors="0">
  <testcase name="a" time="0.001" classname="testngpack.Demo"/>
  <system-out>
    <![CDATA[my name is shruti]]>
  </system-out>
</testsuite> <!-- testngpack.Demo -->
